# JRE version: OpenJDK Runtime Environment (21.0.10) (build 21.0.10+-14961533-b1163.108)
# Java VM: OpenJDK 64-Bit Server VM (21.0.10+-14961533-b1163.108, mixed mode, tiered, compressed oops, compressed class ptrs, g1 gc, windows-amd64)
GC Precious Log:
 CardTable entry size: 512
 Card Set container configuration: InlinePtr #cards 5 size 8 Array Of Cards #cards 12 size 40 Howl #buckets 4 coarsen threshold 1843 Howl Bitmap #cards 512 size 80 coarsen threshold 460 Card regions per heap region 1 cards per card region 2048
 CPUs: 12 total, 12 available
 Memory: 16294M
 Large Page Support: Disabled
 NUMA Support: Disabled
 Compressed Oops: Enabled (32-bit)
 Heap Region Size: 1M
 Heap Min Capacity: 8M
 Heap Initial Capacity: 256M
 Heap Max Capacity: 2G
 Pre-touch: Disabled
 Parallel Workers: 10
 Concurrent Workers: 3
 Concurrent Refinement Workers: 10
 Periodic GC: Disabled
Heap:
 garbage-first heap   total 284672K, used 180412K [0x0000000080000000, 0x0000000100000000)
  region size 1024K, 14 young (14336K), 12 survivors (12288K)
 Metaspace       used 138090K, committed 140416K, reserved 1179648K
  class space    used 19678K, committed 20800K, reserved 1048576K
GC Heap History (20 events):
Event: 11.669 GC heap before
{Heap before GC invocations=38 (full 0):
 garbage-first heap   total 206848K, used 176707K [0x0000000080000000, 0x0000000100000000)
  region size 1024K, 62 young (63488K), 9 survivors (9216K)
 Metaspace       used 115536K, committed 117696K, reserved 1179648K
  class space    used 16412K, committed 17472K, reserved 1048576K
}
Event: 11.675 GC heap after
{Heap after GC invocations=39 (full 0):
 garbage-first heap   total 206848K, used 129061K [0x0000000080000000, 0x0000000100000000)
  region size 1024K, 6 young (6144K), 6 survivors (6144K)
 Metaspace       used 115536K, committed 117696K, reserved 1179648K
  class space    used 16412K, committed 17472K, reserved 1048576K
}
Event: 12.082 GC heap before
{Heap before GC invocations=39 (full 0):
 garbage-first heap   total 206848K, used 187429K [0x0000000080000000, 0x0000000100000000)
  region size 1024K, 64 young (65536K), 6 survivors (6144K)
 Metaspace       used 115994K, committed 118144K, reserved 1179648K
  class space    used 16470K, committed 17536K, reserved 1048576K
}
Event: 12.086 GC heap after
{Heap after GC invocations=40 (full 0):
 garbage-first heap   total 206848K, used 131568K [0x0000000080000000, 0x0000000100000000)
  region size 1024K, 6 young (6144K), 6 survivors (6144K)
 Metaspace       used 115994K, committed 118144K, reserved 1179648K
  class space    used 16470K, committed 17536K, reserved 1048576K
}
Event: 12.395 GC heap before
{Heap before GC invocations=40 (full 0):
 garbage-first heap   total 206848K, used 188912K [0x0000000080000000, 0x0000000100000000)
  region size 1024K, 63 young (64512K), 6 survivors (6144K)
 Metaspace       used 116217K, committed 118400K, reserved 1179648K
  class space    used 16497K, committed 17600K, reserved 1048576K
}
Event: 12.400 GC heap after
{Heap after GC invocations=41 (full 0):
 garbage-first heap   total 206848K, used 134491K [0x0000000080000000, 0x0000000100000000)
  region size 1024K, 6 young (6144K), 6 survivors (6144K)
 Metaspace       used 116217K, committed 118400K, reserved 1179648K
  class space    used 16497K, committed 17600K, reserved 1048576K
}
Event: 12.647 GC heap before
{Heap before GC invocations=42 (full 0):
 garbage-first heap   total 227328K, used 188763K [0x0000000080000000, 0x0000000100000000)
  region size 1024K, 60 young (61440K), 6 survivors (6144K)
 Metaspace       used 116257K, committed 118464K, reserved 1179648K
  class space    used 16499K, committed 17600K, reserved 1048576K
}
Event: 12.651 GC heap after
{Heap after GC invocations=43 (full 0):
 garbage-first heap   total 227328K, used 136383K [0x0000000080000000, 0x0000000100000000)
  region size 1024K, 5 young (5120K), 5 survivors (5120K)
 Metaspace       used 116257K, committed 118464K, reserved 1179648K
  class space    used 16499K, committed 17600K, reserved 1048576K
}
Event: 60.290 GC heap before
{Heap before GC invocations=43 (full 0):
 garbage-first heap   total 227328K, used 208063K [0x0000000080000000, 0x0000000100000000)
  region size 1024K, 76 young (77824K), 5 survivors (5120K)
 Metaspace       used 117453K, committed 119616K, reserved 1179648K
  class space    used 16676K, committed 17728K, reserved 1048576K
}
Event: 60.296 GC heap after
{Heap after GC invocations=44 (full 0):
 garbage-first heap   total 273408K, used 135348K [0x0000000080000000, 0x0000000100000000)
  region size 1024K, 7 young (7168K), 7 survivors (7168K)
 Metaspace       used 117453K, committed 119616K, reserved 1179648K
  class space    used 16676K, committed 17728K, reserved 1048576K
}
Event: 1442.506 GC heap before
{Heap before GC invocations=44 (full 0):
 garbage-first heap   total 273408K, used 245940K [0x0000000080000000, 0x0000000100000000)
  region size 1024K, 116 young (118784K), 7 survivors (7168K)
 Metaspace       used 118129K, committed 120384K, reserved 1179648K
  class space    used 16686K, committed 17792K, reserved 1048576K
}
Event: 1442.513 GC heap after
{Heap after GC invocations=45 (full 0):
 garbage-first heap   total 273408K, used 140972K [0x0000000080000000, 0x0000000100000000)
  region size 1024K, 12 young (12288K), 12 survivors (12288K)
 Metaspace       used 118129K, committed 120384K, reserved 1179648K
  class space    used 16686K, committed 17792K, reserved 1048576K
}
Event: 1443.703 GC heap before
{Heap before GC invocations=45 (full 0):
 garbage-first heap   total 273408K, used 248492K [0x0000000080000000, 0x0000000100000000)
  region size 1024K, 118 young (120832K), 12 survivors (12288K)
 Metaspace       used 121969K, committed 124160K, reserved 1179648K
  class space    used 17156K, committed 18240K, reserved 1048576K
}
Event: 1443.714 GC heap after
{Heap after GC invocations=46 (full 0):
 garbage-first heap   total 273408K, used 152259K [0x0000000080000000, 0x0000000100000000)
  region size 1024K, 15 young (15360K), 15 survivors (15360K)
 Metaspace       used 121969K, committed 124160K, reserved 1179648K
  class space    used 17156K, committed 18240K, reserved 1048576K
}
Event: 1465.479 GC heap before
{Heap before GC invocations=47 (full 0):
 garbage-first heap   total 273408K, used 252611K [0x0000000080000000, 0x0000000100000000)
  region size 1024K, 109 young (111616K), 15 survivors (15360K)
 Metaspace       used 125049K, committed 127296K, reserved 1179648K
  class space    used 17518K, committed 18624K, reserved 1048576K
}
Event: 1465.493 GC heap after
{Heap after GC invocations=48 (full 0):
 garbage-first heap   total 283648K, used 166107K [0x0000000080000000, 0x0000000100000000)
  region size 1024K, 13 young (13312K), 13 survivors (13312K)
 Metaspace       used 125049K, committed 127296K, reserved 1179648K
  class space    used 17518K, committed 18624K, reserved 1048576K
}
Event: 1466.314 GC heap before
{Heap before GC invocations=48 (full 0):
 garbage-first heap   total 283648K, used 256219K [0x0000000080000000, 0x0000000100000000)
  region size 1024K, 102 young (104448K), 13 survivors (13312K)
 Metaspace       used 130423K, committed 132736K, reserved 1179648K
  class space    used 18340K, committed 19456K, reserved 1048576K
}
Event: 1466.322 GC heap after
{Heap after GC invocations=49 (full 0):
 garbage-first heap   total 283648K, used 170805K [0x0000000080000000, 0x0000000100000000)
  region size 1024K, 7 young (7168K), 7 survivors (7168K)
 Metaspace       used 130423K, committed 132736K, reserved 1179648K
  class space    used 18340K, committed 19456K, reserved 1048576K
}
Event: 1466.753 GC heap before
{Heap before GC invocations=49 (full 0):
 garbage-first heap   total 283648K, used 258869K [0x0000000080000000, 0x0000000100000000)
  region size 1024K, 94 young (96256K), 7 survivors (7168K)
 Metaspace       used 137860K, committed 140160K, reserved 1179648K
  class space    used 19639K, committed 20736K, reserved 1048576K
}
Event: 1466.760 GC heap after
{Heap after GC invocations=50 (full 0):
 garbage-first heap   total 283648K, used 179388K [0x0000000080000000, 0x0000000100000000)
  region size 1024K, 12 young (12288K), 12 survivors (12288K)
 Metaspace       used 137860K, committed 140160K, reserved 1179648K
  class space    used 19639K, committed 20736K, reserved 1048576K
}

